<?xml version="1.0" encoding="UTF-8"?>
<!-- Generated by org.testng.reporters.JUnitXMLReporter -->
<testsuite hostname="sukani" ignored="0" name="Surefire test" tests="3" failures="0" timestamp="21 Aug 2021 01:44:37 GMT" time="34.608" errors="0">
  <testcase name="verifyContactsPageTitleTest" time="1.241" classname="com.crm.qa.testcases.ContactsPageTest"/>
  <testcase name="verifyHomePageTitleTest" time="0.006" classname="com.crm.qa.testcases.HomePageTest"/>
  <testcase name="loginPageTitleTest" time="0.037" classname="com.crm.qa.testcases.LoginPageTest"/>
</testsuite> <!-- Surefire test -->
