<?xml version="1.0" encoding="UTF-8"?>
<!-- Generated by org.testng.reporters.JUnitXMLReporter -->
<testsuite ignored="0" hostname="sukani" failures="0" tests="5" name="Default test" time="67.271" errors="0" timestamp="30 Aug. 2021 22:10:45 GMT">
  <testcase classname="com.crm.qa.testcases.ContactsPageTest" name="verifyContactsPageTitleTest" time="0.682"/>
  <testcase classname="com.crm.qa.testcases.ContactsPageTest" name="selectContactsTest" time="1.282"/>
  <testcase classname="com.crm.qa.testcases.ContactsPageTest" name="selectMultipleContactsTest" time="1.284"/>
  <testcase classname="com.crm.qa.testcases.ContactsPageTest" name="validateNewContact" time="4.381"/>
  <testcase classname="com.crm.qa.testcases.ContactsPageTest" name="validateNewContact" time="2.72"/>
</testsuite> <!-- Default test -->
