<?xml version="1.0" encoding="UTF-8"?>
<!-- Generated by org.testng.reporters.JUnitXMLReporter -->
<testsuite ignored="0" hostname="sukani" failures="0" tests="4" name="Free CRM Test" time="36.36" errors="0" timestamp="17 Aug. 2021 01:25:24 GMT">
  <testcase classname="com.crm.qa.testcases.LoginPageTest" name="loginPageTitleTest" time="0.029"/>
  <testcase classname="com.crm.qa.testcases.HomePageTest" name="verifyHomePageTitleTest" time="0.012"/>
  <testcase classname="com.crm.qa.testcases.ContactsPageTest" name="verifyContactsPageTitleTest" time="0.091"/>
  <testcase classname="com.crm.qa.testcases.LoginPageTest" name="loginTest" time="3.848"/>
</testsuite> <!-- Free CRM Test -->
