<?xml version="1.0" encoding="UTF-8"?>
<!-- Generated by org.testng.reporters.JUnitXMLReporter -->
<testsuite ignored="0" hostname="sukani" failures="0" tests="4" name="Test" time="41.258" errors="0" timestamp="30 Aug. 2021 22:08:44 GMT">
  <testcase classname="com.crm.qa.testcases.LoginPageTest" name="loginPageTitleTest" time="0.048"/>
  <testcase classname="com.crm.qa.testcases.HomePageTest" name="verifyHomePageTitleTest" time="0.013"/>
  <testcase classname="com.crm.qa.testcases.ContactsPageTest" name="verifyContactsPageTitleTest" time="0.966"/>
  <testcase classname="com.crm.qa.testcases.LoginPageTest" name="loginTest" time="4.284"/>
</testsuite> <!-- Test -->
